<?xml version="1.0" encoding="UTF-8"?>
<testsuite name="TestSuite" time="21.367" tests="3" errors="0" skipped="0" failures="1">
  <properties>
[...]
</properties>
  <testcase name="testMethod" classname="BaseClass.Base" time="16.574"/>
  <testcase name="google" classname="BaseClass.Base" time="0.007">
    <failure message="expected [google] but found [Customers / nopCommerce administration]" type="java.lang.AssertionError">java.lang.AssertionError: expected [google] but found [Customers / nopCommerce administration]
	at org.testng.Assert.fail(Assert.java:96)
	at org.testng.Assert.failNotEquals(Assert.java:776)
	at org.testng.Assert.assertEqualsImpl(Assert.java:137)
	at org.testng.Assert.assertEquals(Assert.java:118)
	at org.testng.Assert.assertEquals(Assert.java:453)
	at org.testng.Assert.assertEquals(Assert.java:463)
	at BaseClass.Base.google(Base.java:126)
</failure>
  </testcase>
  <testcase name="test" classname="BaseClass.Base" time="4.786"/>
</testsuite>