<?xml version="1.0" encoding="UTF-8"?>
<testng-results skipped="0" failed="0" ignored="0" total="1" passed="1">
  <reporter-output>
  </reporter-output>
  <suite name="Suite" duration-ms="26886" started-at="2020-08-17T13:32:55Z" finished-at="2020-08-17T13:33:22Z">
    <groups>
    </groups>
    <test name="Test" duration-ms="26886" started-at="2020-08-17T13:32:55Z" finished-at="2020-08-17T13:33:22Z">
      <class name="BaseClass.Base">
        <test-method status="PASS" signature="initialization()[pri:0, instance:BaseClass.Base@ecfbe91]" name="initialization" is-config="true" duration-ms="8151" started-at="2020-08-17T13:32:55Z" finished-at="2020-08-17T13:33:04Z">
          <reporter-output>
          </reporter-output>
        </test-method> <!-- initialization -->
        <test-method status="PASS" signature="testMethod()[pri:0, instance:BaseClass.Base@ecfbe91]" name="testMethod" duration-ms="18073" started-at="2020-08-17T13:33:04Z" finished-at="2020-08-17T13:33:22Z">
          <reporter-output>
          </reporter-output>
        </test-method> <!-- testMethod -->
        <test-method status="PASS" signature="tearDown()[pri:0, instance:BaseClass.Base@ecfbe91]" name="tearDown" is-config="true" duration-ms="641" started-at="2020-08-17T13:33:22Z" finished-at="2020-08-17T13:33:22Z">
          <reporter-output>
          </reporter-output>
        </test-method> <!-- tearDown -->
      </class> <!-- BaseClass.Base -->
    </test> <!-- Test -->
  </suite> <!-- Suite -->
</testng-results>
